2016-10-25 23:09:59,760 - INFO - <main> - ====Task Site13,河北省公共资源交易服务平台====
2016-10-25 23:09:59,760 - INFO - <grab> - 2016-10-25 23:09:59
2016-10-25 23:09:59,771 - INFO - <grab> - ====Monitor...====
2016-10-25 23:09:59,771 - INFO - <grab> - Get page data in page 1
2016-10-25 23:10:01,748 - INFO - <grab> - Get page data in page 2
2016-10-25 23:10:02,667 - INFO - <grab> - ===Scanning Done===
2016-10-25 23:10:02,668 - INFO - <grab> - Get 24 changes
2016-10-25 23:10:02,668 - INFO - <grab> - Notify the changes
2016-10-25 23:10:02,668 - INFO - <grab> - Notify the changes by Dingding
2016-10-25 23:10:02,671 - INFO - <grab> - Send Dingding msg with notify 24条新的招标信息\r\n来源:河北省公共资源交易服务平台
1.【省本级】崇礼麻泥坝风电场项目勘测设计;http://www.hebpr.cn/002/002009/002009002/002009002001/20161025/c2c8370c-993b-477a-80a7-77af1c5ca5c3.html
2.【省本级】河北省群众艺术馆项目空调设备采购;http://www.hebpr.cn/002/002009/002009002/002009002001/20161025/931d26de-91b7-42d8-85bd-16e4d639f8e5.html
3.【省本级】石家庄轨道交通1、3号线一期工程WiFi移动互联应用项目投资人招标;http://www.hebpr.cn/002/002009/002009002/002009002001/20161025/1b191190-4ce4-44f0-b723-6cdec8a4ff5c.html
4.【鹿泉市】G1301851601172001滨海路（碧水街以西段）污水管线工程二次招标公告;http://www.hebpr.cn/002/002009/002009002/002009002001/20161025/f1a81b88-cc5a-4164-aa2c-a136a8dffec7.html
5.【鹿泉市】G1301851601212001中节能健康城三期监理招标公告;http://www.hebpr.cn/002/002009/002009002/002009002001/20161025/dfec3668-0325-44d8-9602-531467dfb064.html
6.【鹿泉市】G1301851601182001大河镇落凌小学教学楼封阳台及室外附属工程施工招标招标公告;http://www.hebpr.cn/002/002009/002009002/002009002001/20161025/d2d9747a-5cdf-4356-ac67-89d5885540cb.html
7.【鹿泉市】G1301851601202001中节能健康城三期招标公告;http://www.hebpr.cn/002/002009/002009002/002009002001/20161025/6d1cb06f-2128-473a-a141-0847c2e019df.html
8.【省本级】石家庄轨道交通1、3号线一期工程民用通信项目投资人招标;http://www.hebpr.cn/002/002009/002009002/002009002001/20161024/9b9a40e8-74c0-4706-86a1-573d41e0bfe2.html
9.【省本级】河北省水资源监测能力与饮用水安全应急监测建设工程中央资金部分项目-标段、四标段、二标段、三标段;http://www.hebpr.cn/002/002009/002009002/002009002001/20161024/930e5801-6bb8-4477-9264-80a63ef56b1f.html
10.【省本级】河北医科大学第三医院病房医技综合楼扩建项目外幕墙装修;http://www.hebpr.cn/002/002009/002009002/002009002001/20161024/1fa6c3ff-7c0e-4773-80df-f4a1349d3559.html
11.【省本级】保阜高速公路养护设备购置项目二次招标公告;http://www.hebpr.cn/002/002009/002009002/002009002001/20161024/e8938c1a-95b2-4d59-ab43-82f496266fab.html
12.【省本级】河北省宣大高速公路收费站、养护工区锅炉改造工程施工图设计;http://www.hebpr.cn/002/002009/002009002/002009002001/20161024/76ebe458-fdfa-4b5e-9bac-b23eb689f4da.html
13.【省本级】桃林口水库坝上机房外墙防渗处理工程施工公开招标公告;http://www.hebpr.cn/002/002009/002009002/002009002001/20161024/e400d407-9e05-433f-8f6d-057a8c392f5a.html
14.【鹿泉市】G1301851601092001鹿泉西部生态新区水厂配水管网工程下穿铁路防护涵工程监理招标公告;http://www.hebpr.cn/002/002009/002009002/002009002001/20161024/630c97cd-c4a8-4e9b-9738-3c20d006ac5f.html
15.【蔚县】G1307261600202001蔚县辛东线辛中线至东下官庄段二级公路改建工程施工LⅠ标段招标公告;http://www.hebpr.cn/002/002009/002009002/002009002001/20161024/2b8b814e-6aa5-48a1-890d-1c0c59d7ed9c.html
16.【蔚县】G1307261600252001蔚县代王城镇中心学校“全面改薄”新建开水房、厕所项目施工招标公告招标公告;http://www.hebpr.cn/002/002009/002009002/002009002001/20161024/7ea618df-e88b-48e9-b3b1-38f9865b4cfa.html
17.【蔚县】G1307261600242001蔚县西合营镇中心学校祁家皂完全小学“全面改薄”新建宿舍、锅炉房、校园内水泥硬化项目施工招标公告招标公告;http://www.hebpr.cn/002/002009/002009002/002009002001/20161024/6115b216-b84a-4dfb-b0cc-4b5b7fe73046.html
18.【蔚县】G1307261600232001蔚县常宁乡中心学校“全面改薄”新建学生宿舍和开水房项目施工招标公告招标公告;http://www.hebpr.cn/002/002009/002009002/002009002001/20161024/5711b1d5-6c70-451f-af73-05f517a1dbf4.html
19.【蔚县】G1307261600222001蔚县2016年农村公路窄路基路面公路改造工程二次招标招标公告;http://www.hebpr.cn/002/002009/002009002/002009002001/20161024/fa06162b-5038-42f5-869f-68b235e00e6a.html
20.【蔚县】G1307261600212001蔚县辛东线辛中线至东下官庄段二级公路改建工程监理招标公告;http://www.hebpr.cn/002/002009/002009002/002009002001/20161024/bb31d003-47f7-49fd-98aa-daedb8a64cb3.html
21.【鹿泉市】G1301851601122001307国道养护中心绿化及道路工程施工招标公告;http://www.hebpr.cn/002/002009/002009002/002009002001/20161023/1aad0763-f113-4fa7-a15a-b5c9cc041a22.html
22.【鹿泉市】G1301851601132001石柏大街（省道S232鹿泉城区段）绿化工程施工招标公告;http://www.hebpr.cn/002/002009/002009002/002009002001/20161023/95a6ebe7-4a64-4164-8ed6-9e7c2eafb9bf.html
23.【定州市】G1390011601152001定州市东方名邸棚改安置小区配套基础设施项目二标段招标公告;http://www.hebpr.cn/002/002009/002009002/002009002001/20161021/191367d7-4474-4c7d-a518-13e36f3dffce.html
24.【定州市】G1390011601142001定州市东方名邸棚改安置小区配套基础设施项目一标段招标公告;http://www.hebpr.cn/002/002009/002009002/002009002001/20161020/af0cedf0-85a8-4a05-b0e8-d238b97b5613.html
2016-10-25 23:10:03,811 - INFO - <dingapi> - {u'invaliduser': u'', u'invalidparty': u'', u'errcode': 0, u'errmsg': u'ok', u'messageId': u'a41a1747a7ac3c18a13cbf169d73543f'}
2016-10-25 23:10:03,811 - INFO - <grab> - Send msg successfully
2016-10-25 23:10:03,814 - INFO - <main> - ====Time is up, quit====
